<?xml version="1.0" encoding="UTF-8"?>
<!-- Generated by org.testng.reporters.JUnitXMLReporter -->
<testsuite hostname="DESKTOP-2NMONGR" ignored="0" name="Carbonite Test" tests="7" failures="3" timestamp="21 Jun 2020 04:05:33 GMT" time="71.865" errors="0">
  <testcase name="signUpPageTitleTest" time="0.019" classname="com.crb.tests.Tc_SignUp_001"/>
  <testcase name="validateSignUpFormTest" time="2.134" classname="com.crb.tests.Tc_SignUp_001"/>
  <testcase name="validateSignUpFormTest" time="0.844" classname="com.crb.tests.Tc_SignUp_001">
    <failure type="java.lang.AssertionError" message="Email doesn&amp;apos;t match confirm Email expected [true] but found [false]">
      <![CDATA[java.lang.AssertionError: Email doesn't match confirm Email expected [true] but found [false]
at com.crb.tests.Tc_SignUp_001.validateSignUpFormTest(Tc_SignUp_001.java:61)
... Removed 28 stack frames]]>
    </failure>
  </testcase> <!-- validateSignUpFormTest -->
  <testcase name="validateSignUpFormTest" time="0.863" classname="com.crb.tests.Tc_SignUp_001">
    <failure type="java.lang.AssertionError" message="Password doesn&amp;apos;t match confirm Password expected [true] but found [false]">
      <![CDATA[java.lang.AssertionError: Password doesn't match confirm Password expected [true] but found [false]
at com.crb.tests.Tc_SignUp_001.validateSignUpFormTest(Tc_SignUp_001.java:65)
... Removed 28 stack frames]]>
    </failure>
  </testcase> <!-- validateSignUpFormTest -->
  <testcase name="validateSignUpFormTest" time="2.025" classname="com.crb.tests.Tc_SignUp_001"/>
  <testcase name="validateSignUpFormTest" time="1.95" classname="com.crb.tests.Tc_SignUp_001"/>
  <testcase name="validateSignUpFormTest" time="1.107" classname="com.crb.tests.Tc_SignUp_001">
    <failure type="java.lang.AssertionError" message="Password doesn&amp;apos;t match confirm Password expected [true] but found [false]">
      <![CDATA[java.lang.AssertionError: Password doesn't match confirm Password expected [true] but found [false]
at com.crb.tests.Tc_SignUp_001.validateSignUpFormTest(Tc_SignUp_001.java:65)
... Removed 28 stack frames]]>
    </failure>
  </testcase> <!-- validateSignUpFormTest -->
</testsuite> <!-- Carbonite Test -->
